Copyright 1986-2022 Xilinx, Inc. All Rights Reserved. Copyright 2022-2025 Advanced Micro Devices, Inc. All Rights Reserved.
---------------------------------------------------------------------------------------------------------------------------------------------
| Tool Version : Vivado v.2025.2 (lin64) Build 6299465 Fri Nov 14 12:34:56 MST 2025
| Date         : Fri Mar 20 14:04:16 2026
| Host         : tnsai-Z390-AORUS-PRO-WIFI running 64-bit Ubuntu 22.04.5 LTS
| Command      : report_timing_summary -file /home/tnsai/ws/trojan/AES-trojan/build/timing_placed.rpt
| Design       : ss2_aes_wrapper
| Device       : 7a35t-csg324
| Speed File   : -1  PRODUCTION 1.23 2018-06-13
| Design State : Fully Placed
---------------------------------------------------------------------------------------------------------------------------------------------

Timing Summary Report

------------------------------------------------------------------------------------------------
| Timer Settings
| --------------
------------------------------------------------------------------------------------------------

  Enable Multi Corner Analysis               :  Yes
  Enable Pessimism Removal                   :  Yes
  Pessimism Removal Resolution               :  Nearest Common Node
  Enable Input Delay Default Clock           :  No
  Enable Preset / Clear Arcs                 :  No
  Disable Flight Delays                      :  No
  Ignore I/O Paths                           :  No
  Timing Early Launch at Borrowing Latches   :  No
  Borrow Time for Max Delay Exceptions       :  Yes
  Merge Timing Exceptions                    :  Yes
  Inter-SLR Compensation                     :  Conservative

  Corner  Analyze    Analyze    
  Name    Max Paths  Min Paths  
  ------  ---------  ---------  
  Slow    Yes        Yes        
  Fast    Yes        Yes        


------------------------------------------------------------------------------------------------
| Report Methodology
| ------------------
------------------------------------------------------------------------------------------------

No report available as report_methodology has not been run prior. Run report_methodology on the current design for the summary of methodology violations.



check_timing report

Table of Contents
-----------------
1. checking no_clock (0)
2. checking constant_clock (0)
3. checking pulse_width_clock (0)
4. checking unconstrained_internal_endpoints (0)
5. checking no_input_delay (1)
6. checking no_output_delay (3)
7. checking multiple_clock (0)
8. checking generated_clocks (0)
9. checking loops (0)
10. checking partial_input_delay (0)
11. checking partial_output_delay (0)
12. checking latch_loops (0)

1. checking no_clock (0)
------------------------
 There are 0 register/latch pins with no clock.


2. checking constant_clock (0)
------------------------------
 There are 0 register/latch pins with constant_clock.


3. checking pulse_width_clock (0)
---------------------------------
 There are 0 register/latch pins which need pulse_width check


4. checking unconstrained_internal_endpoints (0)
------------------------------------------------
 There are 0 pins that are not constrained for maximum delay.

 There are 0 pins that are not constrained for maximum delay due to constant clock.


5. checking no_input_delay (1)
------------------------------
 There are 0 input ports with no input delay specified.

 There is 1 input port with no input delay but user has a false path constraint. (MEDIUM)


6. checking no_output_delay (3)
-------------------------------
 There are 3 ports with no output delay specified. (HIGH)

 There are 0 ports with no output delay but user has a false path constraint

 There are 0 ports with no output delay but with a timing clock defined on it or propagating through it


7. checking multiple_clock (0)
------------------------------
 There are 0 register/latch pins with multiple clocks.


8. checking generated_clocks (0)
--------------------------------
 There are 0 generated clocks that are not connected to a clock source.


9. checking loops (0)
---------------------
 There are 0 combinational loops in the design.


10. checking partial_input_delay (0)
------------------------------------
 There are 0 input ports with partial input delay specified.


11. checking partial_output_delay (0)
-------------------------------------
 There are 0 ports with partial output delay specified.


12. checking latch_loops (0)
----------------------------
 There are 0 combinational latch loops in the design through latch input



------------------------------------------------------------------------------------------------
| Design Timing Summary
| ---------------------
------------------------------------------------------------------------------------------------

    WNS(ns)      TNS(ns)  TNS Failing Endpoints  TNS Total Endpoints      WHS(ns)      THS(ns)  THS Failing Endpoints  THS Total Endpoints     WPWS(ns)     TPWS(ns)  TPWS Failing Endpoints  TPWS Total Endpoints  
    -------      -------  ---------------------  -------------------      -------      -------  ---------------------  -------------------     --------     --------  ----------------------  --------------------  
     64.811        0.000                      0                 3981       -1.729     -349.140                    262                 3981       66.592        0.000                       0                  2235  


Timing constraints are not met.


------------------------------------------------------------------------------------------------
| Clock Summary
| -------------
------------------------------------------------------------------------------------------------

Clock  Waveform(ns)         Period(ns)      Frequency(MHz)
-----  ------------         ----------      --------------
clk    {0.000 67.843}       135.685         7.370           


------------------------------------------------------------------------------------------------
| Intra Clock Table
| -----------------
------------------------------------------------------------------------------------------------

Clock             WNS(ns)      TNS(ns)  TNS Failing Endpoints  TNS Total Endpoints      WHS(ns)      THS(ns)  THS Failing Endpoints  THS Total Endpoints     WPWS(ns)     TPWS(ns)  TPWS Failing Endpoints  TPWS Total Endpoints  
-----             -------      -------  ---------------------  -------------------      -------      -------  ---------------------  -------------------     --------     --------  ----------------------  --------------------  
clk                64.811        0.000                      0                 3981       -1.729     -349.140                    262                 3981       66.592        0.000                       0                  2235  


------------------------------------------------------------------------------------------------
| Inter Clock Table
| -----------------
------------------------------------------------------------------------------------------------

From Clock    To Clock          WNS(ns)      TNS(ns)  TNS Failing Endpoints  TNS Total Endpoints      WHS(ns)      THS(ns)  THS Failing Endpoints  THS Total Endpoints  
----------    --------          -------      -------  ---------------------  -------------------      -------      -------  ---------------------  -------------------  


------------------------------------------------------------------------------------------------
| Other Path Groups Table
| -----------------------
------------------------------------------------------------------------------------------------

Path Group    From Clock    To Clock          WNS(ns)      TNS(ns)  TNS Failing Endpoints  TNS Total Endpoints      WHS(ns)      THS(ns)  THS Failing Endpoints  THS Total Endpoints  
----------    ----------    --------          -------      -------  ---------------------  -------------------      -------      -------  ---------------------  -------------------  


------------------------------------------------------------------------------------------------
| Timing Details
| --------------
------------------------------------------------------------------------------------------------


---------------------------------------------------------------------------------------------------
From Clock:  clk
  To Clock:  clk

Setup :            0  Failing Endpoints,  Worst Slack       64.811ns,  Total Violation        0.000ns
Hold  :          262  Failing Endpoints,  Worst Slack       -1.729ns,  Total Violation     -349.140ns
PW    :            0  Failing Endpoints,  Worst Slack       66.592ns,  Total Violation        0.000ns
---------------------------------------------------------------------------------------------------


Max Delay Paths
--------------------------------------------------------------------------------------
Slack (MET) :             64.811ns  (required time - arrival time)
  Source:                 U_cw305_dut/U_reg_aes/O_clksettings_reg[2]/C
                            (rising edge-triggered cell FDRE clocked by clk  {rise@0.000ns fall@67.843ns period=135.685ns})
  Destination:            U_cw305_dut/U_clocks/CCLK_MUX/S1
                            (falling edge-triggered cell BUFGCTRL clocked by clk  {rise@0.000ns fall@67.843ns period=135.685ns})
  Path Group:             clk
  Path Type:              Setup (Max at Slow Process Corner)
  Requirement:            67.843ns  (clk fall@67.843ns - clk rise@0.000ns)
  Data Path Delay:        2.775ns  (logic 0.608ns (21.910%)  route 2.167ns (78.090%))
  Logic Levels:           1  (LUT3=1)
  Clock Path Skew:        0.140ns (DCD - SCD + CPR)
    Destination Clock Delay (DCD):    5.096ns = ( 72.939 - 67.843 ) 
    Source Clock Delay      (SCD):    5.131ns
    Clock Pessimism Removal (CPR):    0.174ns
  Clock Uncertainty:      0.035ns  ((TSJ^2 + TIJ^2)^1/2 + DJ) / 2 + PE
    Total System Jitter     (TSJ):    0.071ns
    Total Input Jitter      (TIJ):    0.000ns
    Discrete Jitter          (DJ):    0.000ns
    Phase Error              (PE):    0.000ns

    Location             Delay type                Incr(ns)  Path(ns)    Netlist Resource(s)
  -------------------------------------------------------------------    -------------------
                         (clock clk rise edge)        0.000     0.000 r  
    D15                                               0.000     0.000 r  clk (IN)
                         net (fo=0)                   0.000     0.000    U_cw305_dut/U_clocks/clk
    D15                  IBUF (Prop_ibuf_I_O)         1.508     1.508 r  U_cw305_dut/U_clocks/clkibuf/O
                         net (fo=1, estimated)        1.972     3.480    U_cw305_dut/U_clocks/usb_clk_bufg
    BUFGCTRL_X0Y17       BUFG (Prop_bufg_I_O)         0.096     3.576 r  U_cw305_dut/U_clocks/clkbuf/O
                         net (fo=1057, estimated)     1.555     5.131    U_cw305_dut/U_reg_aes/src_req_reg_0
    SLICE_X35Y31         FDRE                                         r  U_cw305_dut/U_reg_aes/O_clksettings_reg[2]/C
  -------------------------------------------------------------------    -------------------
    SLICE_X35Y31         FDRE (Prop_fdre_C_Q)         0.456     5.587 r  U_cw305_dut/U_reg_aes/O_clksettings_reg[2]/Q
                         net (fo=2, estimated)        1.008     6.595    U_cw305_dut/U_reg_aes/O_clksettings_reg[4]_0[2]
    SLICE_X35Y31         LUT3 (Prop_lut3_I2_O)        0.152     6.747 r  U_cw305_dut/U_reg_aes/CCLK_MUX_i_1/O
                         net (fo=2, estimated)        1.159     7.906    U_cw305_dut/U_clocks/cclk_src_is_ext
    BUFGCTRL_X0Y16       BUFGCTRL                                     r  U_cw305_dut/U_clocks/CCLK_MUX/S1
  -------------------------------------------------------------------    -------------------

                         (clock clk fall edge)       67.843    67.843 f  
    D15                                               0.000    67.843 f  clk (IN)
                         net (fo=0)                   0.000    67.843    U_cw305_dut/U_clocks/clk
    D15                  IBUF (Prop_ibuf_I_O)         1.437    69.280 f  U_cw305_dut/U_clocks/clkibuf/O
                         net (fo=1, estimated)        1.873    71.153    U_cw305_dut/U_clocks/usb_clk_bufg
    BUFGCTRL_X0Y17       BUFG (Prop_bufg_I_O)         0.091    71.244 f  U_cw305_dut/U_clocks/clkbuf/O
                         net (fo=1057, estimated)     1.695    72.939    U_cw305_dut/U_clocks/clkbuf_0
    BUFGCTRL_X0Y16       BUFGCTRL                                     f  U_cw305_dut/U_clocks/CCLK_MUX/I1
                         clock pessimism              0.174    73.113    
                         clock uncertainty           -0.035    73.078    
    BUFGCTRL_X0Y16       BUFGCTRL (Setup_bufgctrl_I1_S1)
                                                     -0.361    72.717    U_cw305_dut/U_clocks/CCLK_MUX
  -------------------------------------------------------------------
                         required time                         72.717    
                         arrival time                          -7.906    
  -------------------------------------------------------------------
                         slack                                 64.811    





Min Delay Paths
--------------------------------------------------------------------------------------
Slack (VIOLATED) :        -1.729ns  (arrival time - required time)
  Source:                 U_cw305_dut/U_reg_aes/reg_crypt_textin_reg[30]/C
                            (rising edge-triggered cell FDRE clocked by clk  {rise@0.000ns fall@67.843ns period=135.685ns})
  Destination:            U_cw305_dut/U_reg_aes/reg_crypt_textin_crypt_reg[30]/D
                            (rising edge-triggered cell FDRE clocked by clk  {rise@0.000ns fall@67.843ns period=135.685ns})
  Path Group:             clk
  Path Type:              Hold (Min at Slow Process Corner)
  Requirement:            0.000ns  (clk rise@0.000ns - clk rise@0.000ns)
  Data Path Delay:        0.540ns  (logic 0.367ns (67.976%)  route 0.173ns (32.024%))
  Logic Levels:           0  
  Clock Path Skew:        2.038ns (DCD - SCD - CPR)
    Destination Clock Delay (DCD):    7.061ns
    Source Clock Delay      (SCD):    4.849ns
    Clock Pessimism Removal (CPR):    0.174ns

    Location             Delay type                Incr(ns)  Path(ns)    Netlist Resource(s)
  -------------------------------------------------------------------    -------------------
                         (clock clk rise edge)        0.000     0.000 r  
    D15                                               0.000     0.000 r  clk (IN)
                         net (fo=0)                   0.000     0.000    U_cw305_dut/U_clocks/clk
    D15                  IBUF (Prop_ibuf_I_O)         1.437     1.437 r  U_cw305_dut/U_clocks/clkibuf/O
                         net (fo=1, estimated)        1.873     3.310    U_cw305_dut/U_clocks/usb_clk_bufg
    BUFGCTRL_X0Y17       BUFG (Prop_bufg_I_O)         0.091     3.401 r  U_cw305_dut/U_clocks/clkbuf/O
                         net (fo=1057, estimated)     1.448     4.849    U_cw305_dut/U_reg_aes/src_req_reg_0
    SLICE_X57Y32         FDRE                                         r  U_cw305_dut/U_reg_aes/reg_crypt_textin_reg[30]/C
  -------------------------------------------------------------------    -------------------
    SLICE_X57Y32         FDRE (Prop_fdre_C_Q)         0.367     5.216 r  U_cw305_dut/U_reg_aes/reg_crypt_textin_reg[30]/Q
                         net (fo=3, estimated)        0.173     5.389    U_cw305_dut/U_reg_aes/reg_crypt_textin[30]
    SLICE_X56Y32         FDRE                                         r  U_cw305_dut/U_reg_aes/reg_crypt_textin_crypt_reg[30]/D
  -------------------------------------------------------------------    -------------------

                         (clock clk rise edge)        0.000     0.000 r  
    D15                                               0.000     0.000 r  clk (IN)
                         net (fo=0)                   0.000     0.000    U_cw305_dut/U_clocks/clk
    D15                  IBUF (Prop_ibuf_I_O)         1.508     1.508 r  U_cw305_dut/U_clocks/clkibuf/O
                         net (fo=1, estimated)        1.972     3.480    U_cw305_dut/U_clocks/usb_clk_bufg
    BUFGCTRL_X0Y17       BUFG (Prop_bufg_I_O)         0.096     3.576 r  U_cw305_dut/U_clocks/clkbuf/O
                         net (fo=1057, estimated)     1.826     5.401    U_cw305_dut/U_clocks/clkbuf_0
    BUFGCTRL_X0Y16       BUFGCTRL (Prop_bufgctrl_I1_O)
                                                      0.096     5.497 r  U_cw305_dut/U_clocks/CCLK_MUX/O
                         net (fo=1177, estimated)     1.564     7.061    U_cw305_dut/U_reg_aes/crypt_clk
    SLICE_X56Y32         FDRE                                         r  U_cw305_dut/U_reg_aes/reg_crypt_textin_crypt_reg[30]/C
                         clock pessimism             -0.174     6.887    
    SLICE_X56Y32         FDRE (Hold_fdre_C_D)         0.231     7.118    U_cw305_dut/U_reg_aes/reg_crypt_textin_crypt_reg[30]
  -------------------------------------------------------------------
                         required time                         -7.118    
                         arrival time                           5.389    
  -------------------------------------------------------------------
                         slack                                 -1.729    





Pulse Width Checks
--------------------------------------------------------------------------------------
Clock Name:         clk
Waveform(ns):       { 0.000 67.843 }
Period(ns):         135.685
Sources:            { clk }

Check Type        Corner  Lib Pin             Reference Pin  Required(ns)  Actual(ns)  Slack(ns)  Location      Pin
Min Period        n/a     RAMB18E1/CLKARDCLK  n/a            2.576         135.685     133.109    RAMB18_X1Y14  U_cw305_dut/u_xls_aes/u_aes_128/sel/CLKARDCLK
Low Pulse Width   Slow    RAMD64E/CLK         n/a            1.250         67.842      66.592     SLICE_X38Y28  U_ss2/U_tx_fifo/flop_inst.mem_reg_0_63_0_2/RAMA/CLK
High Pulse Width  Slow    RAMD64E/CLK         n/a            1.250         67.843      66.593     SLICE_X38Y28  U_ss2/U_tx_fifo/flop_inst.mem_reg_0_63_0_2/RAMA/CLK



