Copyright 1986-2022 Xilinx, Inc. All Rights Reserved. Copyright 2022-2025 Advanced Micro Devices, Inc. All Rights Reserved.
---------------------------------------------------------------------------------------------------------------------------------------------
| Tool Version : Vivado v.2025.2 (lin64) Build 6299465 Fri Nov 14 12:34:56 MST 2025
| Date         : Fri Mar 20 14:03:35 2026
| Host         : tnsai-Z390-AORUS-PRO-WIFI running 64-bit Ubuntu 22.04.5 LTS
| Command      : report_timing_summary -file /home/tnsai/ws/trojan/AES-trojan/build/timing_synth.rpt
| Design       : ss2_aes_wrapper
| Device       : 7a35t-csg324
| Speed File   : -1  PRODUCTION 1.23 2018-06-13
| Design State : Synthesized
---------------------------------------------------------------------------------------------------------------------------------------------

Timing Summary Report

------------------------------------------------------------------------------------------------
| Timer Settings
| --------------
------------------------------------------------------------------------------------------------

  Enable Multi Corner Analysis               :  Yes
  Enable Pessimism Removal                   :  Yes
  Pessimism Removal Resolution               :  Nearest Common Node
  Enable Input Delay Default Clock           :  No
  Enable Preset / Clear Arcs                 :  No
  Disable Flight Delays                      :  No
  Ignore I/O Paths                           :  No
  Timing Early Launch at Borrowing Latches   :  No
  Borrow Time for Max Delay Exceptions       :  Yes
  Merge Timing Exceptions                    :  Yes
  Inter-SLR Compensation                     :  Conservative

  Corner  Analyze    Analyze    
  Name    Max Paths  Min Paths  
  ------  ---------  ---------  
  Slow    Yes        Yes        
  Fast    Yes        Yes        


------------------------------------------------------------------------------------------------
| Report Methodology
| ------------------
------------------------------------------------------------------------------------------------

No report available as report_methodology has not been run prior. Run report_methodology on the current design for the summary of methodology violations.



check_timing report

Table of Contents
-----------------
1. checking no_clock (0)
2. checking constant_clock (0)
3. checking pulse_width_clock (0)
4. checking unconstrained_internal_endpoints (0)
5. checking no_input_delay (1)
6. checking no_output_delay (3)
7. checking multiple_clock (0)
8. checking generated_clocks (0)
9. checking loops (0)
10. checking partial_input_delay (0)
11. checking partial_output_delay (0)
12. checking latch_loops (0)

1. checking no_clock (0)
------------------------
 There are 0 register/latch pins with no clock.


2. checking constant_clock (0)
------------------------------
 There are 0 register/latch pins with constant_clock.


3. checking pulse_width_clock (0)
---------------------------------
 There are 0 register/latch pins which need pulse_width check


4. checking unconstrained_internal_endpoints (0)
------------------------------------------------
 There are 0 pins that are not constrained for maximum delay.

 There are 0 pins that are not constrained for maximum delay due to constant clock.


5. checking no_input_delay (1)
------------------------------
 There are 0 input ports with no input delay specified.

 There is 1 input port with no input delay but user has a false path constraint. (MEDIUM)


6. checking no_output_delay (3)
-------------------------------
 There are 3 ports with no output delay specified. (HIGH)

 There are 0 ports with no output delay but user has a false path constraint

 There are 0 ports with no output delay but with a timing clock defined on it or propagating through it


7. checking multiple_clock (0)
------------------------------
 There are 0 register/latch pins with multiple clocks.


8. checking generated_clocks (0)
--------------------------------
 There are 0 generated clocks that are not connected to a clock source.


9. checking loops (0)
---------------------
 There are 0 combinational loops in the design.


10. checking partial_input_delay (0)
------------------------------------
 There are 0 input ports with partial input delay specified.


11. checking partial_output_delay (0)
-------------------------------------
 There are 0 ports with partial output delay specified.


12. checking latch_loops (0)
----------------------------
 There are 0 combinational latch loops in the design through latch input



------------------------------------------------------------------------------------------------
| Design Timing Summary
| ---------------------
------------------------------------------------------------------------------------------------

    WNS(ns)      TNS(ns)  TNS Failing Endpoints  TNS Total Endpoints      WHS(ns)      THS(ns)  THS Failing Endpoints  THS Total Endpoints     WPWS(ns)     TPWS(ns)  TPWS Failing Endpoints  TPWS Total Endpoints  
    -------      -------  ---------------------  -------------------      -------      -------  ---------------------  -------------------     --------     --------  ----------------------  --------------------  
     65.201        0.000                      0                 3981       -0.423     -102.009                    258                 3981       66.592        0.000                       0                  2235  


Timing constraints are not met.


------------------------------------------------------------------------------------------------
| Clock Summary
| -------------
------------------------------------------------------------------------------------------------

Clock  Waveform(ns)         Period(ns)      Frequency(MHz)
-----  ------------         ----------      --------------
clk    {0.000 67.843}       135.685         7.370           


------------------------------------------------------------------------------------------------
| Intra Clock Table
| -----------------
------------------------------------------------------------------------------------------------

Clock             WNS(ns)      TNS(ns)  TNS Failing Endpoints  TNS Total Endpoints      WHS(ns)      THS(ns)  THS Failing Endpoints  THS Total Endpoints     WPWS(ns)     TPWS(ns)  TPWS Failing Endpoints  TPWS Total Endpoints  
-----             -------      -------  ---------------------  -------------------      -------      -------  ---------------------  -------------------     --------     --------  ----------------------  --------------------  
clk                65.201        0.000                      0                 3981       -0.423     -102.009                    258                 3981       66.592        0.000                       0                  2235  


------------------------------------------------------------------------------------------------
| Inter Clock Table
| -----------------
------------------------------------------------------------------------------------------------

From Clock    To Clock          WNS(ns)      TNS(ns)  TNS Failing Endpoints  TNS Total Endpoints      WHS(ns)      THS(ns)  THS Failing Endpoints  THS Total Endpoints  
----------    --------          -------      -------  ---------------------  -------------------      -------      -------  ---------------------  -------------------  


------------------------------------------------------------------------------------------------
| Other Path Groups Table
| -----------------------
------------------------------------------------------------------------------------------------

Path Group    From Clock    To Clock          WNS(ns)      TNS(ns)  TNS Failing Endpoints  TNS Total Endpoints      WHS(ns)      THS(ns)  THS Failing Endpoints  THS Total Endpoints  
----------    ----------    --------          -------      -------  ---------------------  -------------------      -------      -------  ---------------------  -------------------  


------------------------------------------------------------------------------------------------
| Timing Details
| --------------
------------------------------------------------------------------------------------------------


---------------------------------------------------------------------------------------------------
From Clock:  clk
  To Clock:  clk

Setup :            0  Failing Endpoints,  Worst Slack       65.201ns,  Total Violation        0.000ns
Hold  :          258  Failing Endpoints,  Worst Slack       -0.423ns,  Total Violation     -102.009ns
PW    :            0  Failing Endpoints,  Worst Slack       66.592ns,  Total Violation        0.000ns
---------------------------------------------------------------------------------------------------


Max Delay Paths
--------------------------------------------------------------------------------------
Slack (MET) :             65.201ns  (required time - arrival time)
  Source:                 U_cw305_dut/U_reg_aes/O_clksettings_reg[1]/C
                            (rising edge-triggered cell FDRE clocked by clk  {rise@0.000ns fall@67.843ns period=135.685ns})
  Destination:            U_cw305_dut/U_clocks/CCLK_MUX/S0
                            (falling edge-triggered cell BUFGCTRL clocked by clk  {rise@0.000ns fall@67.843ns period=135.685ns})
  Path Group:             clk
  Path Type:              Setup (Max at Slow Process Corner)
  Requirement:            67.843ns  (clk fall@67.843ns - clk rise@0.000ns)
  Data Path Delay:        2.303ns  (logic 0.751ns (32.614%)  route 1.552ns (67.386%))
  Logic Levels:           1  (LUT3=1)
  Clock Path Skew:        -0.145ns (DCD - SCD + CPR)
    Destination Clock Delay (DCD):    2.727ns = ( 70.570 - 67.843 ) 
    Source Clock Delay      (SCD):    2.987ns
    Clock Pessimism Removal (CPR):    0.116ns
  Clock Uncertainty:      0.035ns  ((TSJ^2 + TIJ^2)^1/2 + DJ) / 2 + PE
    Total System Jitter     (TSJ):    0.071ns
    Total Input Jitter      (TIJ):    0.000ns
    Discrete Jitter          (DJ):    0.000ns
    Phase Error              (PE):    0.000ns

    Location             Delay type                Incr(ns)  Path(ns)    Netlist Resource(s)
  -------------------------------------------------------------------    -------------------
                         (clock clk rise edge)        0.000     0.000 r  
    D15                                               0.000     0.000 r  clk (IN)
                         net (fo=0)                   0.000     0.000    U_cw305_dut/U_clocks/clk
    D15                  IBUF (Prop_ibuf_I_O)         1.508     1.508 r  U_cw305_dut/U_clocks/clkibuf/O
                         net (fo=1, unplaced)         0.800     2.307    U_cw305_dut/U_clocks/usb_clk_bufg
                         BUFG (Prop_bufg_I_O)         0.096     2.403 r  U_cw305_dut/U_clocks/clkbuf/O
                         net (fo=1057, unplaced)      0.584     2.987    U_cw305_dut/U_reg_aes/src_req_reg_0
                         FDRE                                         r  U_cw305_dut/U_reg_aes/O_clksettings_reg[1]/C
  -------------------------------------------------------------------    -------------------
                         FDRE (Prop_fdre_C_Q)         0.456     3.443 r  U_cw305_dut/U_reg_aes/O_clksettings_reg[1]/Q
                         net (fo=2, unplaced)         0.752     4.195    U_cw305_dut/U_reg_aes/O_clksettings_reg[4]_0[1]
                         LUT3 (Prop_lut3_I0_O)        0.295     4.490 f  U_cw305_dut/U_reg_aes/CCLK_MUX_i_1/O
                         net (fo=2, unplaced)         0.800     5.290    U_cw305_dut/U_clocks/cclk_src_is_ext
                         BUFGCTRL                                     r  U_cw305_dut/U_clocks/CCLK_MUX/S0  (IS_INVERTED)
  -------------------------------------------------------------------    -------------------

                         (clock clk fall edge)       67.843    67.843 f  
    D15                                               0.000    67.843 f  clk (IN)
                         net (fo=0)                   0.000    67.843    U_cw305_dut/U_clocks/clk
    D15                  IBUF (Prop_ibuf_I_O)         1.437    69.280 f  U_cw305_dut/U_clocks/clkibuf/O
                         net (fo=1, unplaced)         0.760    70.040    U_cw305_dut/U_clocks/usb_clk_bufg
                         BUFG (Prop_bufg_I_O)         0.091    70.131 f  U_cw305_dut/U_clocks/clkbuf/O
                         net (fo=1057, unplaced)      0.439    70.570    U_cw305_dut/U_clocks/clkbuf_0
                         BUFGCTRL                                     f  U_cw305_dut/U_clocks/CCLK_MUX/I0
                         clock pessimism              0.116    70.685    
                         clock uncertainty           -0.035    70.650    
                         BUFGCTRL (Setup_bufgctrl_I0_S0)
                                                     -0.159    70.491    U_cw305_dut/U_clocks/CCLK_MUX
  -------------------------------------------------------------------
                         required time                         70.491    
                         arrival time                          -5.290    
  -------------------------------------------------------------------
                         slack                                 65.201    





Min Delay Paths
--------------------------------------------------------------------------------------
Slack (VIOLATED) :        -0.423ns  (arrival time - required time)
  Source:                 U_cw305_dut/U_reg_aes/U_go_pulse/src_req_reg/C
                            (rising edge-triggered cell FDRE clocked by clk  {rise@0.000ns fall@67.843ns period=135.685ns})
  Destination:            U_cw305_dut/U_reg_aes/U_go_pulse/req_pipe_reg[0]/D
                            (rising edge-triggered cell FDRE clocked by clk  {rise@0.000ns fall@67.843ns period=135.685ns})
  Path Group:             clk
  Path Type:              Hold (Min at Slow Process Corner)
  Requirement:            0.000ns  (clk rise@0.000ns - clk rise@0.000ns)
  Data Path Delay:        0.695ns  (logic 0.367ns (52.825%)  route 0.328ns (47.175%))
  Logic Levels:           0  
  Clock Path Skew:        1.041ns (DCD - SCD - CPR)
    Destination Clock Delay (DCD):    3.883ns
    Source Clock Delay      (SCD):    2.727ns
    Clock Pessimism Removal (CPR):    0.116ns

    Location             Delay type                Incr(ns)  Path(ns)    Netlist Resource(s)
  -------------------------------------------------------------------    -------------------
                         (clock clk rise edge)        0.000     0.000 r  
    D15                                               0.000     0.000 r  clk (IN)
                         net (fo=0)                   0.000     0.000    U_cw305_dut/U_clocks/clk
    D15                  IBUF (Prop_ibuf_I_O)         1.437     1.437 r  U_cw305_dut/U_clocks/clkibuf/O
                         net (fo=1, unplaced)         0.760     2.197    U_cw305_dut/U_clocks/usb_clk_bufg
                         BUFG (Prop_bufg_I_O)         0.091     2.288 r  U_cw305_dut/U_clocks/clkbuf/O
                         net (fo=1057, unplaced)      0.439     2.727    U_cw305_dut/U_reg_aes/U_go_pulse/src_req_reg_1
                         FDRE                                         r  U_cw305_dut/U_reg_aes/U_go_pulse/src_req_reg/C
  -------------------------------------------------------------------    -------------------
                         FDRE (Prop_fdre_C_Q)         0.367     3.094 r  U_cw305_dut/U_reg_aes/U_go_pulse/src_req_reg/Q
                         net (fo=2, unplaced)         0.328     3.421    U_cw305_dut/U_reg_aes/U_go_pulse/src_req_reg_0[0]
                         FDRE                                         r  U_cw305_dut/U_reg_aes/U_go_pulse/req_pipe_reg[0]/D
  -------------------------------------------------------------------    -------------------

                         (clock clk rise edge)        0.000     0.000 r  
    D15                                               0.000     0.000 r  clk (IN)
                         net (fo=0)                   0.000     0.000    U_cw305_dut/U_clocks/clk
    D15                  IBUF (Prop_ibuf_I_O)         1.508     1.508 r  U_cw305_dut/U_clocks/clkibuf/O
                         net (fo=1, unplaced)         0.800     2.307    U_cw305_dut/U_clocks/usb_clk_bufg
                         BUFG (Prop_bufg_I_O)         0.096     2.403 r  U_cw305_dut/U_clocks/clkbuf/O
                         net (fo=1057, unplaced)      0.584     2.987    U_cw305_dut/U_clocks/clkbuf_0
                         BUFGCTRL (Prop_bufgctrl_I1_O)
                                                      0.096     3.083 r  U_cw305_dut/U_clocks/CCLK_MUX/O
                         net (fo=1177, unplaced)      0.800     3.883    U_cw305_dut/U_reg_aes/U_go_pulse/crypt_clk
                         FDRE                                         r  U_cw305_dut/U_reg_aes/U_go_pulse/req_pipe_reg[0]/C
                         clock pessimism             -0.116     3.767    
                         FDRE (Hold_fdre_C_D)         0.077     3.844    U_cw305_dut/U_reg_aes/U_go_pulse/req_pipe_reg[0]
  -------------------------------------------------------------------
                         required time                         -3.844    
                         arrival time                           3.421    
  -------------------------------------------------------------------
                         slack                                 -0.423    





Pulse Width Checks
--------------------------------------------------------------------------------------
Clock Name:         clk
Waveform(ns):       { 0.000 67.843 }
Period(ns):         135.685
Sources:            { clk }

Check Type        Corner  Lib Pin             Reference Pin  Required(ns)  Actual(ns)  Slack(ns)  Location  Pin
Min Period        n/a     RAMB18E1/CLKARDCLK  n/a            2.576         135.685     133.109              U_cw305_dut/u_xls_aes/u_aes_128/sel/CLKARDCLK
Low Pulse Width   Slow    RAMD64E/CLK         n/a            1.250         67.842      66.592               U_ss2/U_tx_fifo/flop_inst.mem_reg_0_63_0_2/RAMA/CLK
High Pulse Width  Slow    RAMD64E/CLK         n/a            1.250         67.843      66.593               U_ss2/U_tx_fifo/flop_inst.mem_reg_0_63_0_2/RAMA/CLK



