Copyright 1986-2022 Xilinx, Inc. All Rights Reserved. Copyright 2022-2025 Advanced Micro Devices, Inc. All Rights Reserved.
---------------------------------------------------------------------------------------------------------------------------------------------
| Tool Version : Vivado v.2025.2 (lin64) Build 6299465 Fri Nov 14 12:34:56 MST 2025
| Date         : Fri Mar 20 14:04:43 2026
| Host         : tnsai-Z390-AORUS-PRO-WIFI running 64-bit Ubuntu 22.04.5 LTS
| Command      : report_timing_summary -file /home/tnsai/ws/trojan/AES-trojan/build/timing_routed.rpt
| Design       : ss2_aes_wrapper
| Device       : 7a35t-csg324
| Speed File   : -1  PRODUCTION 1.23 2018-06-13
| Design State : Routed
---------------------------------------------------------------------------------------------------------------------------------------------

Timing Summary Report

------------------------------------------------------------------------------------------------
| Timer Settings
| --------------
------------------------------------------------------------------------------------------------

  Enable Multi Corner Analysis               :  Yes
  Enable Pessimism Removal                   :  Yes
  Pessimism Removal Resolution               :  Nearest Common Node
  Enable Input Delay Default Clock           :  No
  Enable Preset / Clear Arcs                 :  No
  Disable Flight Delays                      :  No
  Ignore I/O Paths                           :  No
  Timing Early Launch at Borrowing Latches   :  No
  Borrow Time for Max Delay Exceptions       :  Yes
  Merge Timing Exceptions                    :  Yes
  Inter-SLR Compensation                     :  Conservative

  Corner  Analyze    Analyze    
  Name    Max Paths  Min Paths  
  ------  ---------  ---------  
  Slow    Yes        Yes        
  Fast    Yes        Yes        


------------------------------------------------------------------------------------------------
| Report Methodology
| ------------------
------------------------------------------------------------------------------------------------

No report available as report_methodology has not been run prior. Run report_methodology on the current design for the summary of methodology violations.



check_timing report

Table of Contents
-----------------
1. checking no_clock (0)
2. checking constant_clock (0)
3. checking pulse_width_clock (0)
4. checking unconstrained_internal_endpoints (0)
5. checking no_input_delay (1)
6. checking no_output_delay (3)
7. checking multiple_clock (0)
8. checking generated_clocks (0)
9. checking loops (0)
10. checking partial_input_delay (0)
11. checking partial_output_delay (0)
12. checking latch_loops (0)

1. checking no_clock (0)
------------------------
 There are 0 register/latch pins with no clock.


2. checking constant_clock (0)
------------------------------
 There are 0 register/latch pins with constant_clock.


3. checking pulse_width_clock (0)
---------------------------------
 There are 0 register/latch pins which need pulse_width check


4. checking unconstrained_internal_endpoints (0)
------------------------------------------------
 There are 0 pins that are not constrained for maximum delay.

 There are 0 pins that are not constrained for maximum delay due to constant clock.


5. checking no_input_delay (1)
------------------------------
 There are 0 input ports with no input delay specified.

 There is 1 input port with no input delay but user has a false path constraint. (MEDIUM)


6. checking no_output_delay (3)
-------------------------------
 There are 3 ports with no output delay specified. (HIGH)

 There are 0 ports with no output delay but user has a false path constraint

 There are 0 ports with no output delay but with a timing clock defined on it or propagating through it


7. checking multiple_clock (0)
------------------------------
 There are 0 register/latch pins with multiple clocks.


8. checking generated_clocks (0)
--------------------------------
 There are 0 generated clocks that are not connected to a clock source.


9. checking loops (0)
---------------------
 There are 0 combinational loops in the design.


10. checking partial_input_delay (0)
------------------------------------
 There are 0 input ports with partial input delay specified.


11. checking partial_output_delay (0)
-------------------------------------
 There are 0 ports with partial output delay specified.


12. checking latch_loops (0)
----------------------------
 There are 0 combinational latch loops in the design through latch input



------------------------------------------------------------------------------------------------
| Design Timing Summary
| ---------------------
------------------------------------------------------------------------------------------------

    WNS(ns)      TNS(ns)  TNS Failing Endpoints  TNS Total Endpoints      WHS(ns)      THS(ns)  THS Failing Endpoints  THS Total Endpoints     WPWS(ns)     TPWS(ns)  TPWS Failing Endpoints  TPWS Total Endpoints  
    -------      -------  ---------------------  -------------------      -------      -------  ---------------------  -------------------     --------     --------  ----------------------  --------------------  
     63.198        0.000                      0                 3981        0.007        0.000                      0                 3981       66.592        0.000                       0                  2235  


All user specified timing constraints are met.


------------------------------------------------------------------------------------------------
| Clock Summary
| -------------
------------------------------------------------------------------------------------------------

Clock  Waveform(ns)         Period(ns)      Frequency(MHz)
-----  ------------         ----------      --------------
clk    {0.000 67.843}       135.685         7.370           


------------------------------------------------------------------------------------------------
| Intra Clock Table
| -----------------
------------------------------------------------------------------------------------------------

Clock             WNS(ns)      TNS(ns)  TNS Failing Endpoints  TNS Total Endpoints      WHS(ns)      THS(ns)  THS Failing Endpoints  THS Total Endpoints     WPWS(ns)     TPWS(ns)  TPWS Failing Endpoints  TPWS Total Endpoints  
-----             -------      -------  ---------------------  -------------------      -------      -------  ---------------------  -------------------     --------     --------  ----------------------  --------------------  
clk                63.198        0.000                      0                 3981        0.007        0.000                      0                 3981       66.592        0.000                       0                  2235  


------------------------------------------------------------------------------------------------
| Inter Clock Table
| -----------------
------------------------------------------------------------------------------------------------

From Clock    To Clock          WNS(ns)      TNS(ns)  TNS Failing Endpoints  TNS Total Endpoints      WHS(ns)      THS(ns)  THS Failing Endpoints  THS Total Endpoints  
----------    --------          -------      -------  ---------------------  -------------------      -------      -------  ---------------------  -------------------  


------------------------------------------------------------------------------------------------
| Other Path Groups Table
| -----------------------
------------------------------------------------------------------------------------------------

Path Group    From Clock    To Clock          WNS(ns)      TNS(ns)  TNS Failing Endpoints  TNS Total Endpoints      WHS(ns)      THS(ns)  THS Failing Endpoints  THS Total Endpoints  
----------    ----------    --------          -------      -------  ---------------------  -------------------      -------      -------  ---------------------  -------------------  


------------------------------------------------------------------------------------------------
| Timing Details
| --------------
------------------------------------------------------------------------------------------------


---------------------------------------------------------------------------------------------------
From Clock:  clk
  To Clock:  clk

Setup :            0  Failing Endpoints,  Worst Slack       63.198ns,  Total Violation        0.000ns
Hold  :            0  Failing Endpoints,  Worst Slack        0.007ns,  Total Violation        0.000ns
PW    :            0  Failing Endpoints,  Worst Slack       66.592ns,  Total Violation        0.000ns
---------------------------------------------------------------------------------------------------


Max Delay Paths
--------------------------------------------------------------------------------------
Slack (MET) :             63.198ns  (required time - arrival time)
  Source:                 U_cw305_dut/U_reg_aes/O_clksettings_reg[4]/C
                            (rising edge-triggered cell FDRE clocked by clk  {rise@0.000ns fall@67.843ns period=135.685ns})
  Destination:            U_cw305_dut/U_clocks/CWOUT_ODDR/CE
                            (falling edge-triggered cell ODDR clocked by clk  {rise@0.000ns fall@67.843ns period=135.685ns})
  Path Group:             clk
  Path Type:              Setup (Max at Slow Process Corner)
  Requirement:            67.843ns  (clk fall@67.843ns - clk rise@0.000ns)
  Data Path Delay:        4.309ns  (logic 0.715ns (16.592%)  route 3.594ns (83.408%))
  Logic Levels:           1  (LUT3=1)
  Clock Path Skew:        0.182ns (DCD - SCD + CPR)
    Destination Clock Delay (DCD):    5.133ns = ( 72.976 - 67.843 ) 
    Source Clock Delay      (SCD):    5.131ns
    Clock Pessimism Removal (CPR):    0.179ns
  Clock Uncertainty:      0.035ns  ((TSJ^2 + TIJ^2)^1/2 + DJ) / 2 + PE
    Total System Jitter     (TSJ):    0.071ns
    Total Input Jitter      (TIJ):    0.000ns
    Discrete Jitter          (DJ):    0.000ns
    Phase Error              (PE):    0.000ns

    Location             Delay type                Incr(ns)  Path(ns)    Netlist Resource(s)
  -------------------------------------------------------------------    -------------------
                         (clock clk rise edge)        0.000     0.000 r  
    D15                                               0.000     0.000 r  clk (IN)
                         net (fo=0)                   0.000     0.000    U_cw305_dut/U_clocks/clk
    D15                  IBUF (Prop_ibuf_I_O)         1.508     1.508 r  U_cw305_dut/U_clocks/clkibuf/O
                         net (fo=1, routed)           1.972     3.479    U_cw305_dut/U_clocks/usb_clk_bufg
    BUFGCTRL_X0Y17       BUFG (Prop_bufg_I_O)         0.096     3.575 r  U_cw305_dut/U_clocks/clkbuf/O
                         net (fo=1057, routed)        1.555     5.131    U_cw305_dut/U_reg_aes/src_req_reg_0
    SLICE_X35Y31         FDRE                                         r  U_cw305_dut/U_reg_aes/O_clksettings_reg[4]/C
  -------------------------------------------------------------------    -------------------
    SLICE_X35Y31         FDRE (Prop_fdre_C_Q)         0.419     5.550 f  U_cw305_dut/U_reg_aes/O_clksettings_reg[4]/Q
                         net (fo=2, routed)           0.683     6.232    U_cw305_dut/U_clocks/O_clksettings[2]
    SLICE_X35Y31         LUT3 (Prop_lut3_I1_O)        0.296     6.528 r  U_cw305_dut/U_clocks//i_/O
                         net (fo=1, routed)           2.912     9.440    U_cw305_dut/U_clocks/cclk_output_ext
    OLOGIC_X0Y82         ODDR                                         r  U_cw305_dut/U_clocks/CWOUT_ODDR/CE
  -------------------------------------------------------------------    -------------------

                         (clock clk fall edge)       67.843    67.843 f  
    D15                                               0.000    67.843 f  clk (IN)
                         net (fo=0)                   0.000    67.843    U_cw305_dut/U_clocks/clk
    D15                  IBUF (Prop_ibuf_I_O)         1.437    69.280 f  U_cw305_dut/U_clocks/clkibuf/O
                         net (fo=1, routed)           1.868    71.148    U_cw305_dut/U_clocks/usb_clk_bufg
    BUFGCTRL_X0Y17       BUFG (Prop_bufg_I_O)         0.091    71.239 f  U_cw305_dut/U_clocks/clkbuf/O
                         net (fo=1057, routed)        0.133    71.372    U_cw305_dut/U_clocks/clkbuf_0
    BUFGCTRL_X0Y16       BUFGCTRL (Prop_bufgctrl_I1_O)
                                                      0.091    71.463 f  U_cw305_dut/U_clocks/CCLK_MUX/O
                         net (fo=1177, routed)        1.513    72.976    U_cw305_dut/U_clocks/crypt_clk
    OLOGIC_X0Y82         ODDR                                         f  U_cw305_dut/U_clocks/CWOUT_ODDR/C
                         clock pessimism              0.179    73.155    
                         clock uncertainty           -0.035    73.120    
    OLOGIC_X0Y82         ODDR (Setup_oddr_C_CE)      -0.482    72.638    U_cw305_dut/U_clocks/CWOUT_ODDR
  -------------------------------------------------------------------
                         required time                         72.638    
                         arrival time                          -9.440    
  -------------------------------------------------------------------
                         slack                                 63.198    





Min Delay Paths
--------------------------------------------------------------------------------------
Slack (MET) :             0.007ns  (arrival time - required time)
  Source:                 U_cw305_dut/U_reg_aes/reg_crypt_cipherout_reg[38]/C
                            (rising edge-triggered cell FDRE clocked by clk  {rise@0.000ns fall@67.843ns period=135.685ns})
  Destination:            U_cw305_dut/U_reg_aes/reg_crypt_cipherout_usb_reg[38]/D
                            (rising edge-triggered cell FDRE clocked by clk  {rise@0.000ns fall@67.843ns period=135.685ns})
  Path Group:             clk
  Path Type:              Hold (Min at Fast Process Corner)
  Requirement:            0.000ns  (clk rise@0.000ns - clk rise@0.000ns)
  Data Path Delay:        0.289ns  (logic 0.141ns (48.837%)  route 0.148ns (51.163%))
  Logic Levels:           0  
  Clock Path Skew:        0.216ns (DCD - SCD - CPR)
    Destination Clock Delay (DCD):    2.041ns
    Source Clock Delay      (SCD):    1.579ns
    Clock Pessimism Removal (CPR):    0.246ns

    Location             Delay type                Incr(ns)  Path(ns)    Netlist Resource(s)
  -------------------------------------------------------------------    -------------------
                         (clock clk rise edge)        0.000     0.000 r  
    D15                                               0.000     0.000 r  clk (IN)
                         net (fo=0)                   0.000     0.000    U_cw305_dut/U_clocks/clk
    D15                  IBUF (Prop_ibuf_I_O)         0.275     0.275 r  U_cw305_dut/U_clocks/clkibuf/O
                         net (fo=1, routed)           0.634     0.909    U_cw305_dut/U_clocks/usb_clk_bufg
    BUFGCTRL_X0Y17       BUFG (Prop_bufg_I_O)         0.026     0.935 r  U_cw305_dut/U_clocks/clkbuf/O
                         net (fo=1057, routed)        0.030     0.965    U_cw305_dut/U_clocks/clkbuf_0
    BUFGCTRL_X0Y16       BUFGCTRL (Prop_bufgctrl_I1_O)
                                                      0.026     0.991 r  U_cw305_dut/U_clocks/CCLK_MUX/O
                         net (fo=1177, routed)        0.588     1.579    U_cw305_dut/U_reg_aes/crypt_clk
    SLICE_X4Y92          FDRE                                         r  U_cw305_dut/U_reg_aes/reg_crypt_cipherout_reg[38]/C
  -------------------------------------------------------------------    -------------------
    SLICE_X4Y92          FDRE (Prop_fdre_C_Q)         0.141     1.720 r  U_cw305_dut/U_reg_aes/reg_crypt_cipherout_reg[38]/Q
                         net (fo=1, routed)           0.148     1.868    U_cw305_dut/U_reg_aes/reg_crypt_cipherout[38]
    SLICE_X4Y93          FDRE                                         r  U_cw305_dut/U_reg_aes/reg_crypt_cipherout_usb_reg[38]/D
  -------------------------------------------------------------------    -------------------

                         (clock clk rise edge)        0.000     0.000 r  
    D15                                               0.000     0.000 r  clk (IN)
                         net (fo=0)                   0.000     0.000    U_cw305_dut/U_clocks/clk
    D15                  IBUF (Prop_ibuf_I_O)         0.463     0.463 r  U_cw305_dut/U_clocks/clkibuf/O
                         net (fo=1, routed)           0.689     1.152    U_cw305_dut/U_clocks/usb_clk_bufg
    BUFGCTRL_X0Y17       BUFG (Prop_bufg_I_O)         0.029     1.181 r  U_cw305_dut/U_clocks/clkbuf/O
                         net (fo=1057, routed)        0.860     2.041    U_cw305_dut/U_reg_aes/src_req_reg_0
    SLICE_X4Y93          FDRE                                         r  U_cw305_dut/U_reg_aes/reg_crypt_cipherout_usb_reg[38]/C
                         clock pessimism             -0.246     1.795    
    SLICE_X4Y93          FDRE (Hold_fdre_C_D)         0.066     1.861    U_cw305_dut/U_reg_aes/reg_crypt_cipherout_usb_reg[38]
  -------------------------------------------------------------------
                         required time                         -1.861    
                         arrival time                           1.868    
  -------------------------------------------------------------------
                         slack                                  0.007    





Pulse Width Checks
--------------------------------------------------------------------------------------
Clock Name:         clk
Waveform(ns):       { 0.000 67.843 }
Period(ns):         135.685
Sources:            { clk }

Check Type        Corner  Lib Pin             Reference Pin  Required(ns)  Actual(ns)  Slack(ns)  Location      Pin
Min Period        n/a     RAMB18E1/CLKARDCLK  n/a            2.576         135.685     133.109    RAMB18_X1Y14  U_cw305_dut/u_xls_aes/u_aes_128/sel/CLKARDCLK
Low Pulse Width   Slow    RAMD64E/CLK         n/a            1.250         67.842      66.592     SLICE_X38Y28  U_ss2/U_tx_fifo/flop_inst.mem_reg_0_63_0_2/RAMA/CLK
High Pulse Width  Slow    RAMD64E/CLK         n/a            1.250         67.843      66.593     SLICE_X38Y28  U_ss2/U_tx_fifo/flop_inst.mem_reg_0_63_0_2/RAMA/CLK



